[    0.000000] Linux version 4.15.0-76-generic (buildd@lcy01-amd64-029) (gcc version 7.4.0 (Ubuntu 7.4.0-1ubuntu1~18.04.1)) #86-Ubuntu SMP Fri Jan 17 17:24:28 UTC 2020 (Ubuntu 4.15.0-76.86-generic 4.15.18)
[    0.000000] Command line: BOOT_IMAGE=/boot/vmlinuz-4.15.0-76-generic root=LABEL=cloudimg-rootfs ro console=tty1 console=ttyS0
[    0.000000] KERNEL supported cpus:
[    0.000000]   Intel GenuineIntel
[    0.000000]   AMD AuthenticAMD
[    0.000000]   Centaur CentaurHauls
[    0.000000] x86/fpu: Supporting XSAVE feature 0x001: 'x87 floating point registers'
[    0.000000] x86/fpu: Supporting XSAVE feature 0x002: 'SSE registers'
[    0.000000] x86/fpu: Supporting XSAVE feature 0x004: 'AVX registers'
[    0.000000] x86/fpu: xstate_offset[2]:  576, xstate_sizes[2]:  256
[    0.000000] x86/fpu: Enabled xstate features 0x7, context size is 832 bytes, using 'standard' format.
[    0.000000] e820: BIOS-provided physical RAM map:
[    0.000000] BIOS-e820: [mem 0x0000000000000000-0x000000000009fbff] usable
[    0.000000] BIOS-e820: [mem 0x000000000009fc00-0x000000000009ffff] reserved
[    0.000000] BIOS-e820: [mem 0x00000000000f0000-0x00000000000fffff] reserved
[    0.000000] BIOS-e820: [mem 0x0000000000100000-0x000000007cfeffff] usable
[    0.000000] BIOS-e820: [mem 0x000000007cff0000-0x000000007cffffff] ACPI data
[    0.000000] BIOS-e820: [mem 0x00000000fec00000-0x00000000fec00fff] reserved
[    0.000000] BIOS-e820: [mem 0x00000000fee00000-0x00000000fee00fff] reserved
[    0.000000] BIOS-e820: [mem 0x00000000fffc0000-0x00000000ffffffff] reserved
[    0.000000] NX (Execute Disable) protection: active
[    0.000000] SMBIOS 2.5 present.
[    0.000000] DMI: innotek GmbH VirtualBox/VirtualBox, BIOS VirtualBox 12/01/2006
[    0.000000] Hypervisor detected: KVM
[    0.000000] e820: last_pfn = 0x7cff0 max_arch_pfn = 0x400000000
[    0.000000] MTRR: Disabled
[    0.000000] x86/PAT: MTRRs disabled, skipping PAT initialization too.
[    0.000000] CPU MTRRs all blank - virtualized system.
[    0.000000] x86/PAT: Configuration [0-7]: WB  WT  UC- UC  WB  WT  UC- UC  
[    0.000000] found SMP MP-table at [mem 0x0009fff0-0x0009ffff]
[    0.000000] Scanning 1 areas for low memory corruption
[    0.000000] RAMDISK: [mem 0x35a6f000-0x36d2efff]
[    0.000000] ACPI: Early table checksum verification disabled
[    0.000000] ACPI: RSDP 0x00000000000E0000 000024 (v02 VBOX  )
[    0.000000] ACPI: XSDT 0x000000007CFF0030 00003C (v01 VBOX   VBOXXSDT 00000001 ASL  00000061)
[    0.000000] ACPI: FACP 0x000000007CFF00F0 0000F4 (v04 VBOX   VBOXFACP 00000001 ASL  00000061)
[    0.000000] ACPI: DSDT 0x000000007CFF0470 0022EA (v02 VBOX   VBOXBIOS 00000002 INTL 20100528)
[    0.000000] ACPI: FACS 0x000000007CFF0200 000040
[    0.000000] ACPI: FACS 0x000000007CFF0200 000040
[    0.000000] ACPI: APIC 0x000000007CFF0240 00005C (v02 VBOX   VBOXAPIC 00000001 ASL  00000061)
[    0.000000] ACPI: SSDT 0x000000007CFF02A0 0001CC (v01 VBOX   VBOXCPUT 00000002 INTL 20100528)
[    0.000000] No NUMA configuration found
[    0.000000] Faking a node at [mem 0x0000000000000000-0x000000007cfeffff]
[    0.000000] NODE_DATA(0) allocated [mem 0x7cfc5000-0x7cfeffff]
[    0.000000] kvm-clock: cpu 0, msr 0:7cf44001, primary cpu clock
[    0.000000] kvm-clock: Using msrs 4b564d01 and 4b564d00
[    0.000000] kvm-clock: using sched offset of 4573474931 cycles
[    0.000000] clocksource: kvm-clock: mask: 0xffffffffffffffff max_cycles: 0x1cd42e4dffb, max_idle_ns: 881590591483 ns
[    0.000000] Zone ranges:
[    0.000000]   DMA      [mem 0x0000000000001000-0x0000000000ffffff]
[    0.000000]   DMA32    [mem 0x0000000001000000-0x000000007cfeffff]
[    0.000000]   Normal   empty
[    0.000000]   Device   empty
[    0.000000] Movable zone start for each node
[    0.000000] Early memory node ranges
[    0.000000]   node   0: [mem 0x0000000000001000-0x000000000009efff]
[    0.000000]   node   0: [mem 0x0000000000100000-0x000000007cfeffff]
[    0.000000] Reserved but unavailable: 98 pages
[    0.000000] Initmem setup node 0 [mem 0x0000000000001000-0x000000007cfeffff]
[    0.000000] ACPI: PM-Timer IO Port: 0x4008
[    0.000000] IOAPIC[0]: apic_id 2, version 32, address 0xfec00000, GSI 0-23
[    0.000000] ACPI: INT_SRC_OVR (bus 0 bus_irq 0 global_irq 2 dfl dfl)
[    0.000000] ACPI: INT_SRC_OVR (bus 0 bus_irq 9 global_irq 9 low level)
[    0.000000] Using ACPI (MADT) for SMP configuration information
[    0.000000] smpboot: Allowing 2 CPUs, 0 hotplug CPUs
[    0.000000] PM: Registered nosave memory: [mem 0x00000000-0x00000fff]
[    0.000000] PM: Registered nosave memory: [mem 0x0009f000-0x0009ffff]
[    0.000000] PM: Registered nosave memory: [mem 0x000a0000-0x000effff]
[    0.000000] PM: Registered nosave memory: [mem 0x000f0000-0x000fffff]
[    0.000000] e820: [mem 0x7d000000-0xfebfffff] available for PCI devices
[    0.000000] Booting paravirtualized kernel on KVM
[    0.000000] clocksource: refined-jiffies: mask: 0xffffffff max_cycles: 0xffffffff, max_idle_ns: 7645519600211568 ns
[    0.000000] random: get_random_bytes called from start_kernel+0x99/0x4fd with crng_init=0
[    0.000000] setup_percpu: NR_CPUS:8192 nr_cpumask_bits:2 nr_cpu_ids:2 nr_node_ids:1
[    0.000000] percpu: Embedded 45 pages/cpu s147456 r8192 d28672 u1048576
[    0.000000] PV qspinlock hash table entries: 256 (order: 0, 4096 bytes)
[    0.000000] Built 1 zonelists, mobility grouping on.  Total pages: 503865
[    0.000000] Policy zone: DMA32
[    0.000000] Kernel command line: BOOT_IMAGE=/boot/vmlinuz-4.15.0-76-generic root=LABEL=cloudimg-rootfs ro console=tty1 console=ttyS0
[    0.000000] Memory: 1966120K/2047544K available (12300K kernel code, 2481K rwdata, 4260K rodata, 2428K init, 2704K bss, 81424K reserved, 0K cma-reserved)
[    0.000000] SLUB: HWalign=64, Order=0-3, MinObjects=0, CPUs=2, Nodes=1
[    0.000000] Kernel/User page tables isolation: enabled
[    0.000000] ftrace: allocating 39322 entries in 154 pages
[    0.004000] Hierarchical RCU implementation.
[    0.004000] 	RCU restricting CPUs from NR_CPUS=8192 to nr_cpu_ids=2.
[    0.004000] 	Tasks RCU enabled.
[    0.004000] RCU: Adjusting geometry for rcu_fanout_leaf=16, nr_cpu_ids=2
[    0.004000] NR_IRQS: 524544, nr_irqs: 440, preallocated irqs: 16
[    0.004000] Console: colour VGA+ 80x25
[    0.004000] console [tty1] enabled
[    0.004000] console [ttyS0] enabled
[    0.004000] ACPI: Core revision 20170831
[    0.004000] ACPI: 2 ACPI AML tables successfully acquired and loaded
[    0.004000] APIC: Switch to symmetric I/O mode setup
[    0.004000] x2apic enabled
[    0.004000] Switched APIC routing to physical x2apic.
[    0.004000] ..TIMER: vector=0x30 apic1=0 pin1=2 apic2=-1 pin2=-1
[    0.004005] tsc: Detected 2594.088 MHz processor
[    0.008012] Calibrating delay loop (skipped) preset value.. 5188.17 BogoMIPS (lpj=10376352)
[    0.010327] pid_max: default: 32768 minimum: 301
[    0.012028] Security Framework initialized
[    0.013169] Yama: becoming mindful.
[    0.014159] AppArmor: AppArmor initialized
[    0.016000] Dentry cache hash table entries: 262144 (order: 9, 2097152 bytes)
[    0.017632] Inode-cache hash table entries: 131072 (order: 8, 1048576 bytes)
[    0.020021] Mount-cache hash table entries: 4096 (order: 3, 32768 bytes)
[    0.024006] Mountpoint-cache hash table entries: 4096 (order: 3, 32768 bytes)
[    0.026167] Last level iTLB entries: 4KB 512, 2MB 8, 4MB 8
[    0.028002] Last level dTLB entries: 4KB 512, 2MB 32, 4MB 32, 1GB 0
[    0.029785] Spectre V1 : Mitigation: usercopy/swapgs barriers and __user pointer sanitization
[    0.032003] Spectre V2 : Mitigation: Full generic retpoline
[    0.033527] Spectre V2 : Spectre v2 / SpectreRSB mitigation: Filling RSB on context switch
[    0.036002] Speculative Store Bypass: Vulnerable
[    0.037336] MDS: Mitigation: Clear CPU buffers
[    0.038727] Freeing SMP alternatives memory: 36K
[    0.150418] smpboot: CPU0: Intel(R) Core(TM) i7-3720QM CPU @ 2.60GHz (family: 0x6, model: 0x3a, stepping: 0x9)
[    0.152000] Performance Events: unsupported p6 CPU model 58 no PMU driver, software events only.
[    0.152046] Hierarchical SRCU implementation.
[    0.153883] NMI watchdog: Perf event create on CPU 0 failed with -2
[    0.156002] NMI watchdog: Perf NMI watchdog permanently disabled
[    0.157835] smp: Bringing up secondary CPUs ...
[    0.160096] x86: Booting SMP configuration:
[    0.161290] .... node  #0, CPUs:      #1
[    0.004000] kvm-clock: cpu 1, msr 0:7cf44041, secondary cpu clock
[    0.166726] smp: Brought up 1 node, 2 CPUs
[    0.166726] smpboot: Max logical packages: 1
[    0.168006] smpboot: Total of 2 processors activated (10376.35 BogoMIPS)
[    0.169951] devtmpfs: initialized
[    0.169951] x86/mm: Memory block size: 128MB
[    0.172193] evm: security.selinux
[    0.173147] evm: security.SMACK64
[    0.174327] evm: security.SMACK64EXEC
[    0.176007] evm: security.SMACK64TRANSMUTE
[    0.177481] evm: security.SMACK64MMAP
[    0.178590] evm: security.apparmor
[    0.180005] evm: security.ima
[    0.180863] evm: security.capability
[    0.181939] clocksource: jiffies: mask: 0xffffffff max_cycles: 0xffffffff, max_idle_ns: 7645041785100000 ns
[    0.184034] futex hash table entries: 512 (order: 3, 32768 bytes)
[    0.188083] pinctrl core: initialized pinctrl subsystem
[    0.190153] RTC time: 17:25:46, date: 02/06/20
[    0.192200] NET: Registered protocol family 16
[    0.193557] audit: initializing netlink subsys (disabled)
[    0.196069] audit: type=2000 audit(1581009951.638:1): state=initialized audit_enabled=0 res=1
[    0.198368] cpuidle: using governor ladder
[    0.198368] cpuidle: using governor menu
[    0.200046] ACPI: bus type PCI registered
[    0.201190] acpiphp: ACPI Hot Plug PCI Controller Driver version: 0.5
[    0.204136] PCI: Using configuration type 1 for base access
[    0.208114] HugeTLB registered 2.00 MiB page size, pre-allocated 0 pages
[    0.209895] ACPI: Added _OSI(Module Device)
[    0.212004] ACPI: Added _OSI(Processor Device)
[    0.213282] ACPI: Added _OSI(3.0 _SCP Extensions)
[    0.214634] ACPI: Added _OSI(Processor Aggregator Device)
[    0.216003] ACPI: Added _OSI(Linux-Dell-Video)
[    0.217246] ACPI: Added _OSI(Linux-Lenovo-NV-HDMI-Audio)
[    0.218794] ACPI: Added _OSI(Linux-HPI-Hybrid-Graphics)
[    0.220511] ACPI: Executed 1 blocks of module-level executable AML code
[    0.226592] ACPI: Interpreter enabled
[    0.227870] ACPI: (supports S0 S5)
[    0.228004] ACPI: Using IOAPIC for interrupt routing
[    0.229617] PCI: Using host bridge windows from ACPI; if necessary, use "pci=nocrs" and report a bug
[    0.232257] ACPI: Enabled 2 GPEs in block 00 to 07
[    0.242335] ACPI: PCI Root Bridge [PCI0] (domain 0000 [bus 00-ff])
[    0.244009] acpi PNP0A03:00: _OSC: OS supports [ASPM ClockPM Segments MSI]
[    0.246474] acpi PNP0A03:00: _OSC: not requesting OS control; OS requires [ExtendedConfig ASPM ClockPM MSI]
[    0.248014] acpi PNP0A03:00: fail to add MMCONFIG information, can't access extended PCI configuration space under this bridge.
[    0.252558] PCI host bridge to bus 0000:00
[    0.253682] pci_bus 0000:00: root bus resource [io  0x0000-0x0cf7 window]
[    0.256004] pci_bus 0000:00: root bus resource [io  0x0d00-0xffff window]
[    0.257826] pci_bus 0000:00: root bus resource [mem 0x000a0000-0x000bffff window]
[    0.260003] pci_bus 0000:00: root bus resource [mem 0x7d000000-0xfdffffff window]
[    0.261994] pci_bus 0000:00: root bus resource [bus 00-ff]
[    0.268408] pci 0000:00:01.1: legacy IDE quirk: reg 0x10: [io  0x01f0-0x01f7]
[    0.270266] pci 0000:00:01.1: legacy IDE quirk: reg 0x14: [io  0x03f6]
[    0.272007] pci 0000:00:01.1: legacy IDE quirk: reg 0x18: [io  0x0170-0x0177]
[    0.274130] pci 0000:00:01.1: legacy IDE quirk: reg 0x1c: [io  0x0376]
[    0.311727] pci 0000:00:07.0: quirk: [io  0x4000-0x403f] claimed by PIIX4 ACPI
[    0.312030] pci 0000:00:07.0: quirk: [io  0x4100-0x410f] claimed by PIIX4 SMB
[    0.336806] ACPI: PCI Interrupt Link [LNKA] (IRQs 5 9 10 *11)
[    0.338798] ACPI: PCI Interrupt Link [LNKB] (IRQs 5 9 *10 11)
[    0.340176] ACPI: PCI Interrupt Link [LNKC] (IRQs 5 *9 10 11)
[    0.341932] ACPI: PCI Interrupt Link [LNKD] (IRQs 5 9 10 *11)
[    0.344364] SCSI subsystem initialized
[    0.345512] pci 0000:00:02.0: vgaarb: setting as boot VGA device
[    0.345755] pci 0000:00:02.0: vgaarb: VGA device added: decodes=io+mem,owns=io+mem,locks=none
[    0.348005] pci 0000:00:02.0: vgaarb: bridge control possible
[    0.349608] vgaarb: loaded
[    0.352028] ACPI: bus type USB registered
[    0.353244] usbcore: registered new interface driver usbfs
[    0.354846] usbcore: registered new interface driver hub
[    0.356024] usbcore: registered new device driver usb
[    0.357492] EDAC MC: Ver: 3.0.0
[    0.360065] PCI: Using ACPI for IRQ routing
[    0.361667] NetLabel: Initializing
[    0.362626] NetLabel:  domain hash size = 128
[    0.363909] NetLabel:  protocols = UNLABELED CIPSOv4 CALIPSO
[    0.364017] NetLabel:  unlabeled traffic allowed by default
[    0.365799] clocksource: Switched to clocksource kvm-clock
[    0.378674] VFS: Disk quotas dquot_6.6.0
[    0.379892] VFS: Dquot-cache hash table entries: 512 (order 0, 4096 bytes)
[    0.382950] AppArmor: AppArmor Filesystem Enabled
[    0.385018] pnp: PnP ACPI init
[    0.388507] pnp: PnP ACPI: found 3 devices
[    0.404113] clocksource: acpi_pm: mask: 0xffffff max_cycles: 0xffffff, max_idle_ns: 2085701024 ns
[    0.406718] NET: Registered protocol family 2
[    0.408106] TCP established hash table entries: 16384 (order: 5, 131072 bytes)
[    0.410171] TCP bind hash table entries: 16384 (order: 6, 262144 bytes)
[    0.411982] TCP: Hash tables configured (established 16384 bind 16384)
[    0.415474] UDP hash table entries: 1024 (order: 3, 32768 bytes)
[    0.417222] UDP-Lite hash table entries: 1024 (order: 3, 32768 bytes)
[    0.419034] NET: Registered protocol family 1
[    0.420523] pci 0000:00:00.0: Limiting direct PCI/PCI transfers
[    0.422426] pci 0000:00:01.0: Activating ISA DMA hang workarounds
[    0.424499] pci 0000:00:02.0: Video device with shadowed ROM at [mem 0x000c0000-0x000dffff]
[    0.426970] Unpacking initramfs...
[    0.705090] Freeing initrd memory: 19200K
[    0.706378] clocksource: tsc: mask: 0xffffffffffffffff max_cycles: 0x25646b981d7, max_idle_ns: 440795327688 ns
[    0.709738] platform rtc_cmos: registered platform RTC device (no PNP device found)
[    0.711993] Scanning for low memory corruption every 60 seconds
[    0.714427] Initialise system trusted keyrings
[    0.715727] Key type blacklist registered
[    0.717017] workingset: timestamp_bits=36 max_order=19 bucket_order=0
[    0.719589] zbud: loaded
[    0.720962] squashfs: version 4.0 (2009/01/31) Phillip Lougher
[    0.722925] fuse init (API version 7.26)
[    0.727085] Key type asymmetric registered
[    0.728218] Asymmetric key parser 'x509' registered
[    0.729651] Block layer SCSI generic (bsg) driver version 0.4 loaded (major 246)
[    0.731834] io scheduler noop registered
[    0.733043] io scheduler deadline registered
[    0.734221] io scheduler cfq registered (default)
[    0.736247] ACPI: AC Adapter [AC] (on-line)
[    0.737478] input: Power Button as /devices/LNXSYSTM:00/LNXPWRBN:00/input/input0
[    0.739601] ACPI: Power Button [PWRF]
[    0.740840] input: Sleep Button as /devices/LNXSYSTM:00/LNXSLPBN:00/input/input1
[    0.743405] ACPI: Sleep Button [SLPF]
[    0.746237] ACPI: Battery Slot [BAT0] (battery present)
[    0.747972] Serial: 8250/16550 driver, 32 ports, IRQ sharing enabled
[    0.771364] 00:02: ttyS0 at I/O 0x3f8 (irq = 4, base_baud = 115200) is a 16550A
[    0.780291] Linux agpgart interface v0.103
[    0.785157] loop: module loaded
[    0.786778] scsi host0: ata_piix
[    0.788195] scsi host1: ata_piix
[    0.789173] ata1: PATA max UDMA/33 cmd 0x1f0 ctl 0x3f6 bmdma 0xd000 irq 14
[    0.791242] ata2: PATA max UDMA/33 cmd 0x170 ctl 0x376 bmdma 0xd008 irq 15
[    0.793970] libphy: Fixed MDIO Bus: probed
[    0.795172] tun: Universal TUN/TAP device driver, 1.6
[    0.796806] PPP generic driver version 2.4.2
[    0.798101] ehci_hcd: USB 2.0 'Enhanced' Host Controller (EHCI) Driver
[    0.799890] ehci-pci: EHCI PCI platform driver
[    0.801227] ehci-platform: EHCI generic platform driver
[    0.802725] ohci_hcd: USB 1.1 'Open' Host Controller (OHCI) Driver
[    0.804507] ohci-pci: OHCI PCI platform driver
[    0.805770] ohci-platform: OHCI generic platform driver
[    0.807239] uhci_hcd: USB Universal Host Controller Interface driver
[    0.809115] i8042: PNP: PS/2 Controller [PNP0303:PS2K,PNP0f03:PS2M] at 0x60,0x64 irq 1,12
[    0.811865] serio: i8042 KBD port at 0x60,0x64 irq 1
[    0.813349] serio: i8042 AUX port at 0x60,0x64 irq 12
[    0.815031] mousedev: PS/2 mouse device common for all mice
[    0.817491] input: AT Translated Set 2 keyboard as /devices/platform/i8042/serio0/input/input2
[    0.820262] rtc_cmos rtc_cmos: rtc core: registered rtc_cmos as rtc0
[    0.822059] rtc_cmos rtc_cmos: alarms up to one day, 114 bytes nvram
[    0.823779] i2c /dev entries driver
[    0.824904] device-mapper: uevent: version 1.0.3
[    0.826413] device-mapper: ioctl: 4.37.0-ioctl (2017-09-20) initialised: dm-devel@redhat.com
[    0.828916] ledtrig-cpu: registered to indicate activity on CPUs
[    0.831194] NET: Registered protocol family 10
[    0.836799] Segment Routing with IPv6
[    0.837963] NET: Registered protocol family 17
[    0.839412] Key type dns_resolver registered
[    0.841157] mce: Using 0 MCE banks
[    0.842181] RAS: Correctable Errors collector initialized.
[    0.843819] sched_clock: Marking stable (841126051, 0)->(1108672865, -267546814)
[    0.846626] registered taskstats version 1
[    0.847787] Loading compiled-in X.509 certificates
[    0.851968] Loaded X.509 cert 'Build time autogenerated kernel key: 665cd2b89e03521f57c41865f552ebce30a0c7fb'
[    0.854906] zswap: loaded using pool lzo/zbud
[    0.860503] Key type big_key registered
[    0.861629] Key type trusted registered
[    0.864833] Key type encrypted registered
[    0.866166] AppArmor: AppArmor sha1 policy hashing enabled
[    0.868576] ima: No TPM chip found, activating TPM-bypass! (rc=-19)
[    0.870940] ima: Allocated hash algorithm: sha1
[    0.872333] evm: HMAC attrs: 0x1
[    0.873748]   Magic number: 8:602:440
[    0.874809] clockevents broadcast: hash matches
[    0.876277] rtc_cmos rtc_cmos: setting system clock to 2020-02-06 17:25:46 UTC (1581009946)
[    0.878870] BIOS EDD facility v0.16 2004-Jun-25, 0 devices found
[    0.881156] EDD information not available.
[    0.959106] Freeing unused kernel image memory: 2428K
[    0.968578] Write protecting the kernel read-only data: 20480k
[    0.970986] Freeing unused kernel image memory: 2008K
[    0.972844] Freeing unused kernel image memory: 1884K
[    0.980743] x86/mm: Checked W+X mappings: passed, no W+X pages found.
[    0.982484] x86/mm: Checking user space page tables
[    0.991066] x86/mm: Checked W+X mappings: passed, no W+X pages found.
Loading, please wait...
starting version 237
[    1.075598] e1000: Intel(R) PRO/1000 Network Driver - version 7.3.21-k8-NAPI
[    1.077820] e1000: Copyright (c) 1999-2006 Intel Corporation.
[    1.083690] Fusion MPT base driver 3.04.20
[    1.084967] Copyright (c) 1999-2008 LSI Corporation
[    1.113648] AVX version of gcm_enc/dec engaged.
[    1.115018] AES CTR mode by8 optimization enabled
[    1.125846] Fusion MPT SPI Host driver 3.04.20
[    1.293503] input: ImExPS/2 Generic Explorer Mouse as /devices/platform/i8042/serio1/input/input4
[    1.544289] e1000 0000:00:03.0 eth0: (PCI:33MHz:32-bit) 02:39:cc:03:60:4d
[    1.546633] e1000 0000:00:03.0 eth0: Intel(R) PRO/1000 Network Connection
[    1.990903] e1000 0000:00:08.0 eth1: (PCI:33MHz:32-bit) 08:00:27:0e:a9:46
[    1.992903] e1000 0000:00:08.0 eth1: Intel(R) PRO/1000 Network Connection
[    1.997554] e1000 0000:00:03.0 enp0s3: renamed from eth0
[    2.000039] mptbase: ioc0: Initiating bringup
[    2.016543] e1000 0000:00:08.0 enp0s8: renamed from eth1
[    2.124476] ioc0: LSI53C1030 A0: Capabilities={Initiator}
[    2.526609] scsi host2: ioc0: LSI53C1030 A0, FwRev=00000000h, Ports=1, MaxQ=256, IRQ=20
[    2.785061] scsi 2:0:0:0: Direct-Access     VBOX     HARDDISK         1.0  PQ: 0 ANSI: 5
[    3.084284] scsi target2:0:0: Beginning Domain Validation
[    3.087370] scsi target2:0:0: Domain Validation skipping write tests
[    3.089467] scsi target2:0:0: Ending Domain Validation
[    3.090961] scsi target2:0:0: asynchronous
[    3.092862] scsi 2:0:1:0: Direct-Access     VBOX     HARDDISK         1.0  PQ: 0 ANSI: 5
[    3.161291] scsi target2:0:1: Beginning Domain Validation
[    3.164264] random: fast init done
[    3.165668] scsi target2:0:1: Domain Validation skipping write tests
[    3.167396] scsi target2:0:1: Ending Domain Validation
[    3.168880] scsi target2:0:1: asynchronous
[    3.174847] sd 2:0:0:0: Attached scsi generic sg0 type 0
[    3.174870] random: systemd-udevd: uninitialized urandom read (16 bytes read)
[    3.176554] sd 2:0:1:0: Attached scsi generic sg1 type 0
[    3.178428] random: systemd-udevd: uninitialized urandom read (16 bytes read)
[    3.182645] random: systemd-udevd: uninitialized urandom read (16 bytes read)
[    3.184925] sd 2:0:0:0: [sda] 20971520 512-byte logical blocks: (10.7 GB/10.0 GiB)
[    3.187206] sd 2:0:1:0: [sdb] 20480 512-byte logical blocks: (10.5 MB/10.0 MiB)
[    3.188247] sd 2:0:0:0: [sda] Write Protect is off
[    3.190701] sd 2:0:1:0: [sdb] Write Protect is off
[    3.190850] sd 2:0:0:0: [sda] Incomplete mode parameter data
[    3.193865] sd 2:0:0:0: [sda] Assuming drive cache: write through
[    3.193891] sd 2:0:1:0: [sdb] Incomplete mode parameter data
[    3.197192]  sda: sda1
[    3.197248] sd 2:0:1:0: [sdb] Assuming drive cache: write through
[    3.198812] sd 2:0:0:0: [sda] Attached SCSI disk
[    3.203771] sd 2:0:1:0: [sdb] Attached SCSI disk
Begin: Loading essential drivers ... [    4.648085] raid6: sse2x1   gen()  9775 MB/s
[    4.698691] raid6: sse2x1   xor()  6627 MB/s
[    4.748565] raid6: sse2x2   gen() 10710 MB/s
[    4.796178] raid6: sse2x2   xor()  7060 MB/s
[    4.844086] raid6: sse2x4   gen() 13511 MB/s
[    4.892030] raid6: sse2x4   xor()  9580 MB/s
[    4.893257] raid6: using algorithm sse2x4 gen() 13511 MB/s
[    4.894730] raid6: .... xor() 9580 MB/s, rmw enabled
[    4.896049] raid6: using ssse3x2 recovery algorithm
[    4.898776] xor: automatically using best checksumming function   avx       
[    4.903590] async_tx: api initialized (async)
done.
Begin: Running /scripts/init-premount ... done.
Begin: Mounting root file system ... Begin: Running /scripts/local-top ... done.
Begin: Running /scripts/local-premount ... [    4.950029] Btrfs loaded, crc32c=crc32c-intel
Scanning for Btrfs filesystems
done.
Warning: fsck not present, so skipping root file system
[    4.987899] EXT4-fs (sda1): mounted filesystem with ordered data mode. Opts: (null)
done.
Begin: Running /scripts/local-bottom ... done.
Begin: Running /scripts/init-bottom ... done.
[    5.196673] ip_tables: (C) 2000-2006 Netfilter Core Team
[    5.210967] systemd[1]: systemd 237 running in system mode. (+PAM +AUDIT +SELINUX +IMA +APPARMOR +SMACK +SYSVINIT +UTMP +LIBCRYPTSETUP +GCRYPT +GNUTLS +ACL +XZ +LZ4 +SECCOMP +BLKID +ELFUTILS +KMOD -IDN2 +IDN -PCRE2 default-hierarchy=hybrid)
[    5.216908] systemd[1]: Detected virtualization oracle.
[    5.218330] systemd[1]: Detected architecture x86-64.

Welcome to [1mUbuntu 18.04.4 LTS[0m!

[    5.225749] systemd[1]: Set hostname to <ubuntu>.
[    5.231374] systemd[1]: Initializing machine ID from random generator.
[    5.233411] systemd[1]: Installed transient /etc/machine-id file.
[    5.554368] systemd[1]: Created slice System Slice.
[[0;32m  OK  [0m] Created slice System Slice.
[    5.556834] systemd[1]: Listening on Syslog Socket.
[[0;32m  OK  [0m] Listening on Syslog Socket.
[    5.559235] systemd[1]: Listening on udev Control Socket.
[[0;32m  OK  [0m] Listening on udev Control Socket.
[    5.562004] systemd[1]: Listening on udev Kernel Socket.
[[0;32m  OK  [0m] Listening on udev Kernel Socket.
[[0;32m  OK  [0m] Reached target User and Group Name Lookups.
[[0;32m  OK  [0m] Listening on Journal Audit Socket.
[[0;32m  OK  [0m] Started Forward Password Requests to Wall Directory Watch.
[[0;32m  OK  [0m] Listening on Device-mapper event daemon FIFOs.
[[0;32m  OK  [0m] Reached target Swap.
[[0;32m  OK  [0m] Listening on LVM2 metadata daemon socket.
[[0;32m  OK  [0m] Reached target System Time Synchronized.
[[0;32m  OK  [0m] Created slice system-serial\x2dgetty.slice.
[[0;32m  OK  [0m] Listening on Network Service Netlink Socket.
[[0;32m  OK  [0m] Listening on Journal Socket.
         Mounting POSIX Message Queue File System...
         Starting Load Kernel Modules...
         Starting Set the console keyboard layout...
         Starting Monitoring of LVM2 mirrors…ng dmeventd or progress polling...
         Starting Create list of required st…ce nodes for the current kernel...
         Starting udev Coldplug all Devices...
         Starting Remount Root and Kernel File Systems...
         Starting Uncomplicated firewall...
         Mounting Kernel Debug File System...
[    5.637654] Loading iSCSI transport class v2.0-870.
         Mounting Huge Pages File System...
[[0;32m  OK  [0m] Listening on /dev/initctl Compatibility Named Pipe.
[    5.647346] iscsi: registered transport (tcp)
[[0;32m  OK  [0m] Listening on Journal Socket (/dev/log).
         Starting Journal Service...
[[0;32m  OK  [0m] Created slice User and Session Slice.
[[0;32m  OK  [0m] Reached target Slices.
[[0;32m  OK  [0m] Listening on LVM2 poll daemon socket.
[[0;32m  OK  [0m] Set up automount Arbitrary Executab…rmats File System Automount Point.
[[0;32m  OK  [0m] Mounted POSIX Message Queue File System.
[[0;32m  OK  [0m] Started Create list of required sta…vice nodes for the current kernel.
[[0;32m  OK  [0m] Started Uncomplicated firewall.
[[0;32m  OK  [0m] Mounted Kernel Debug File System.
[[0;32m  OK  [0m] Mounted Huge Pages File System.
         Starting Create Static Device Nodes in /dev...
[    5.735723] iscsi: registered transport (iser)
[[0;32m  OK  [0m] Started Load Kernel Modules.
         Starting Apply Kernel Variables...
         Mounting Kernel Configuration File System...
         Mounting FUSE Control File System...
[    5.767055] EXT4-fs (sda1): re-mounted. Opts: (null)
[[0;32m  OK  [0m] Started Journal Service.
[[0;32m  OK  [0m] Started Remount Root and Kernel File Systems.
[[0;32m  OK  [0m] Started udev Coldplug all Devices.
[[0;32m  OK  [0m] Mounted Kernel Configuration File System.
[[0;32m  OK  [0m] Mounted FUSE Control File System.
[[0;32m  OK  [0m] Started LVM2 metadata daemon.
         Starting Load/Save Random Seed...
         Starting Flush Journal to Persistent Storage...
[[0;32m  OK  [0m] Started Create Static Device Nodes in /dev.
         Starting udev Kernel Device Manager...
[[0;32m  OK  [0m] Started Monitoring of LVM2 mirrors,…sing dmeventd or progress polling.
[[0;32m  OK  [0m] Started Load/Save Random Seed.
[[0;32m  OK  [0m] Started Apply Kernel Variables.
[[0;32m  OK  [0m] Started udev Kernel Device Manager.
[[0;32m  OK  [0m] Started Flush Journal to Persistent Storage.
[[0;32m  OK  [0m] Found device /dev/ttyS0.
[[0;32m  OK  [0m] Listening on Load/Save RF Kill Switch Status /dev/rfkill Watch.
[[0;32m  OK  [0m] Started Set the console keyboard layout.
[[0;32m  OK  [0m] Reached target Local File Systems (Pre).
[[0;32m  OK  [0m] Reached target Local File Systems.
         Starting AppArmor initialization...
         Starting ebtables ruleset management...
         Starting Create Volatile Files and Directories...
         Starting Commit a transient machine-id on disk...
         Starting Tell Plymouth To Write Out Runtime Data...
         Starting Set console font and keymap...
[[0;32m  OK  [0m] Started Dispatch Password Requests to Console Directory Watch.
[[0;32m  OK  [0m] Reached target Local Encrypted Volumes.
[[0;32m  OK  [0m] Started Tell Plymouth To Write Out Runtime Data.
[[0;32m  OK  [0m] Started Create Volatile Files and Directories.
         Starting Update UTMP about System Boot/Shutdown...
[[0;32m  OK  [0m] Started Update UTMP about System Boot/Shutdown.
[[0;32m  OK  [0m] Started Commit a transient machine-id on disk.
[[0;32m  OK  [0m] Started ebtables ruleset management.
[[0;32m  OK  [0m] Started AppArmor initialization.
         Starting Initial cloud-init job (pre-networking)...
[[0;32m  OK  [0m] Started Set console font and keymap.
[    9.327759] cloud-init[632]: Cloud-init v. 19.4-33-gbb4131a2-0ubuntu1~18.04.1 running 'init-local' at Thu, 06 Feb 2020 17:25:54 +0000. Up 8.94 seconds.
[[0;32m  OK  [0m] Started Initial cloud-init job (pre-networking).
[[0;32m  OK  [0m] Reached target Network (Pre).
         Starting Network Service...
[[0;32m  OK  [0m] Started Network Service.
         Starting Network Name Resolution...
         Starting Wait for Network to be Configured...
[[0;32m  OK  [0m] Started Network Name Resolution.
[[0;32m  OK  [0m] Reached target Host and Network Name Lookups.
[[0;32m  OK  [0m] Reached target Network.
[[0;32m  OK  [0m] Started Wait for Network to be Configured.
         Starting Initial cloud-init job (metadata service crawler)...
[   11.142432] cloud-init[937]: Cloud-init v. 19.4-33-gbb4131a2-0ubuntu1~18.04.1 running 'init' at Thu, 06 Feb 2020 17:25:56 +0000. Up 10.92 seconds.
[   11.147443] cloud-init[937]: ci-info: ++++++++++++++++++++++++++++++++++++++Net device info+++++++++++++++++++++++++++++++++++++++
[   11.151912] cloud-init[937]: ci-info: +--------+-------+----------------------------+---------------+--------+-------------------+
[   11.156350] cloud-init[937]: ci-info: | Device |   Up  |          Address           |      Mask     | Scope  |     Hw-Address    |
[   11.160583] cloud-init[937]: ci-info: +--------+-------+----------------------------+---------------+--------+-------------------+
[   11.163651] cloud-init[937]: ci-info: | enp0s3 |  True |         10.0.2.15          | 255.255.255.0 | global | 02:39:cc:03:60:4d |
[   11.167340] cloud-init[937]: ci-info: | enp0s3 |  True | fe80::39:ccff:fe03:604d/64 |       .       |  link  | 02:39:cc:03:60:4d |
[   11.170347] cloud-init[937]: ci-info: | enp0s8 | False |             .              |       .       |   .    | 08:00:27:0e:a9:46 |
[   11.174585] cloud-init[937]: ci-info: |   lo   |  True |         127.0.0.1          |   255.0.0.0   |  host  |         .         |
[   11.179054] cloud-init[937]: ci-info: |   lo   |  True |          ::1/128           |       .       |  host  |         .         |
[   11.181962] cloud-init[937]: ci-info: +--------+-------+----------------------------+---------------+--------+-------------------+
[   11.186046] cloud-init[937]: ci-info: ++++++++++++++++++++++++++++Route IPv4 info+++++++++++++++++++++++++++++
[   11.188364] cloud-init[937]: ci-info: +-------+-------------+----------+-----------------+-----------+-------+
[   11.190646] cloud-init[937]: ci-info: | Route | Destination | Gateway  |     Genmask     | Interface | Flags |
[   11.192616] cloud-init[937]: ci-info: +-------+-------------+----------+-----------------+-----------+-------+
[   11.195086] cloud-init[937]: ci-info: |   0   |   0.0.0.0   | 10.0.2.2 |     0.0.0.0     |   enp0s3  |   UG  |
[   11.197668] cloud-init[937]: ci-info: |   1   |   10.0.2.0  | 0.0.0.0  |  255.255.255.0  |   enp0s3  |   U   |
[   11.200207] cloud-init[937]: ci-info: |   2   |   10.0.2.2  | 0.0.0.0  | 255.255.255.255 |   enp0s3  |   UH  |
[   11.202737] cloud-init[937]: ci-info: +-------+-------------+----------+-----------------+-----------+-------+
[   11.205324] cloud-init[937]: ci-info: +++++++++++++++++++Route IPv6 info+++++++++++++++++++
[   11.207742] cloud-init[937]: ci-info: +-------+-------------+---------+-----------+-------+
[   11.212465] cloud-init[937]: ci-info: | Route | Destination | Gateway | Interface | Flags |
[   11.215487] cloud-init[937]: ci-info: +-------+-------------+---------+-----------+-------+
[   11.219774] cloud-init[937]: ci-info: |   1   |  fe80::/64  |    ::   |   enp0s3  |   U   |
[   11.222736] cloud-init[937]: ci-info: |   3   |    local    |    ::   |   enp0s3  |   U   |
[   11.225842] cloud-init[937]: ci-info: |   4   |   ff00::/8  |    ::   |   enp0s3  |   U   |
[   11.228353] cloud-init[937]: ci-info: +-------+-------------+---------+-----------+-------+
[   12.027252] cloud-init[937]: Generating public/private rsa key pair.
[   12.029323] cloud-init[937]: Your identification has been saved in /etc/ssh/ssh_host_rsa_key.
[   12.032054] cloud-init[937]: Your public key has been saved in /etc/ssh/ssh_host_rsa_key.pub.
[   12.044527] cloud-init[937]: The key fingerprint is:
[   12.046226] cloud-init[937]: SHA256:46LLzaMn5DaDSgsNg7Ug9oJRIUtH0+iaGVQmPD7HCPA root@ubuntu-bionic
[   12.048813] cloud-init[937]: The key's randomart image is:
[   12.050922] cloud-init[937]: +---[RSA 2048]----+
[   12.053604] cloud-init[937]: |=o=Bo            |
[   12.055164] cloud-init[937]: |oO+...           |
[   12.056934] cloud-init[937]: |O.E              |
[   12.058408] cloud-init[937]: |=O.=             |
[   12.060522] cloud-init[937]: |=.O.    S        |
[   12.062400] cloud-init[937]: | B. .  . .       |
[   12.064523] cloud-init[937]: |...+  . .        |
[   12.067187] cloud-init[937]: |o o.*+o.         |
[   12.068744] cloud-init[937]: |.o .=Bo.         |
[   12.070230] cloud-init[937]: +----[SHA256]-----+
[   12.071685] cloud-init[937]: Generating public/private dsa key pair.
[   12.073670] cloud-init[937]: Your identification has been saved in /etc/ssh/ssh_host_dsa_key.
[   12.076289] cloud-init[937]: Your public key has been saved in /etc/ssh/ssh_host_dsa_key.pub.
[   12.080556] cloud-init[937]: The key fingerprint is:
[   12.082876] cloud-init[937]: SHA256:dAHmVU0RgssfhIG6VB6t1T0eY/Zx0/cvpBJekICgguA root@ubuntu-bionic
[   12.086867] cloud-init[937]: The key's randomart image is:
[   12.089351] cloud-init[937]: +---[DSA 1024]----+
[   12.091343] cloud-init[937]: |.   .. .+=+Bo++o.|
[   12.093902] cloud-init[937]: |+  .  .o+.B.o.Oo+|
[   12.095771] cloud-init[937]: |oE.    +o=.+ + =*|
[   12.097667] cloud-init[937]: | .    o.o.+ o o o|
[[0;32m  OK  [0m] Started Initial cloud-init job (metadata service crawler).
[[0;32m  OK  [0m] Reached target Network is Online.
[   12.099965] cloud-init[937]:          Starting Availability of block devices...
[[0;32m  OK  [0m] Reached target Remote File Systems (Pre).
|     . .S. + +  .|
[   12.111301] cloud-init[937]: |      .   o o . .|
[   12.113353] cloud-init[937]: |           .   . |
[[0;32m  OK  [0m] Reached target Remote File Systems.
[[0;32m  OK  [0m] Reached target System Initialization.
[[0;32m  OK  [0m] Started Message of the Day.
[[0;32m  OK  [0m] Started ACPI Events Check.
[   12.126336] cloud-init[937]: |                 |
[   12.138852] cloud-init[937]: |                 |
[[0;32m  OK  [0m] Started Daily apt download activities.
         Starting Socket activation for snappy daemon.
[   12.139075] cloud-init[937]: +----[SHA256]-----+
[   12.146493] cloud-init[937]: Generating public/private ecdsa key pair.
[   12.146840] cloud-init[937]: Your identification has been saved in /etc/ssh/ssh_host_ecdsa_key.
[   12.146971] cloud-init[937]: Your public key has been saved in /etc/ssh/ssh_host_ecdsa_key.pub.
[   12.149624] cloud-init[937]: The key fingerprint is:
[   12.149696] cloud-init[937]: SHA256:lH5elTC95ys37j5PFlSiosgOO3vedsdFBEcJK71z64Y root@ubuntu-bionic
[   12.149761] cloud-init[937]: The key's randomart image is:
[   12.149813] cloud-init[937]: +---[ECDSA 256]---+
[   12.149924] cloud-init[937]: |            ==+..|
[   12.150019] cloud-init[937]: |         . . *+o.|
[   12.150205] cloud-init[937]: |        o o +.oo |
[   12.150364] cloud-init[937]: |     . + . o o+ .|
[   12.150569] cloud-init[937]: |    . o S . +..+ |
[   12.150719] cloud-init[937]: |     +   o . o..o|
[   12.150865] [[0;32m  OK  [0m] Reached target Paths.
[[0;32m  OK  [0m] Listening on Open-iSCSI iscsid Socket.
[[0;32m  OK  [0m] Started Daily Cleanup of Temporary Directories.
cloud-init[937]: [[0;32m  OK  [0m] Listening on ACPID Listen Socket.
[[0;32m  OK  [0m|    o .   .. o. +|
[   12.175497] cloud-init[937]: |     o... . Eo.B |] Listening on D-Bus System Message Bus Socket.
[[0;32m  OK  [0m] Started Discard unused blocks once a week.

         Starting LXD - unix socket.
[[0;32m  OK  [0m] Listening on UUID daemon activation socket.
[[0;32m  OK  [0m] Started Daily apt upgrade and clean activities.
[[0;32m  OK  [0m] Reached target Timers.
[[0;32m  OK  [0m] Reached target Cloud-config availability.
[[0;32m  OK  [0m] Started Availability of block devices.
[[0;32m  OK  [0m] Listening on Socket activation for snappy daemon.
[[0;32m  OK  [0m] Listening on LXD - unix socket.
[[0;32m  OK  [0m] Reached target Sockets.
[[0;32m  OK  [0m] Reached target Basic System.
[   12.195171] cloud-init[937]: |    .o.... . .B+=|         Starting Dispatcher daemon for systemd-networkd...
         Starting LSB: automatic crash report generation...
         Starting System Logging Service...

[   12.238950] cloud-init[937]: +----[SHA256]-----+
[   12.241467] cloud-init[937]: Generating public/private ed25519 key pair.
         Starting Permit User Sessions...
[   12.249081] [[0;32m  OK  [0m] Started D-Bus System Message Bus.
cloud-init[937]: Your identification has been saved in /etc/ssh/ssh_host_ed25519_key.
[   12.257961] cloud-init[937]: Your public key has been saved in /etc/ssh/ssh_host_ed25519_key.pub.
[   12.264797] cloud-init[937]: The key fingerprint is:
[   12.268600] cloud-init[937]: SHA256:gnHSnwFahX2/gENqxgIDiWu/o4Nph+1fc5L0c1Cibxg root@ubuntu-bionic
[   12.275341] cloud-init[937]: The key's randomart image is:
[   12.278754] cloud-init[937]: +--[ED25519 256]--+
[   12.288224] cloud-init[937]: |oo    o+.        |
[   12.291004] cloud-init[937]: |o o  +..o .      |
[   12.293437] cloud-init[937]: | . o+.oo.+ o     |
[   12.295855] cloud-init[937]: |..  .==.+o+ .    |
[   12.308651] cloud-init[937]: |. . .+.ESo . .   |
[   12.320289] cloud-init[937]: |   .  ..* . .    |
[   12.322405] cloud-init[937]: |..o .  * * .     |
[   12.323867] cloud-init[937]: |o+ =  . = o      |
[   12.327240] cloud-init[937]: |..=.o.           |
[   12.329084] cloud-init[937]: +----[SHA256]-----+
         Starting LXD - container startup/shutdown...
         Starting Virtualbox guest utils...
[[0;32m  OK  [0m] Started Deferred execution scheduler.
         Starting Login Service...
         Starting LSB: Record successful boot for GRUB...
[[0;32m  OK  [0m] Started irqbalance daemon.
[[0;32m  OK  [0m] Started Regular background program processing daemon.
         Starting Accounts Service...
[[0;32m  OK  [0m] Started FUSE filesystem for LXC.
         Starting Pollinate to seed the pseudo random number generator...
         Starting Snappy daemon...
[[0;32m  OK  [0m] Started System Logging Service.
[[0;32m  OK  [0m] Started Permit User Sessions.
[[0;32m  OK  [0m] Started LXD - container startup/shutdown.
[[0;32m  OK  [0m] Started Login Service.
         Starting Authorization Manager...
[[0;32m  OK  [0m] Started Unattended Upgrades Shutdown.
         Starting Terminate Plymouth Boot Screen...
         Starting Hold until boot process finishes up...
[[0;32m  OK  [0m] Started Hold until boot process finishes up.
         Starting Set console scheme...
[[0;32m  OK  [0m] Started Serial Getty on ttyS0.
[[0;32m  OK  [0m] Started Terminate Plymouth Boot Screen.
[[0;32m  OK  [0m] Started LSB: automatic crash report generation.
[[0;32m  OK  [0m] Started Set console scheme.
[[0;32m  OK  [0m] Created slice system-getty.slice.
[[0;32m  OK  [0m] Started Getty on tty1.
[[0;32m  OK  [0m] Reached target Login Prompts.
[[0;32m  OK  [0m] Started LSB: Record successful boot for GRUB.
[[0;32m  OK  [0m] Started Virtualbox guest utils.
[[0;32m  OK  [0m] Started Authorization Manager.
[[0;32m  OK  [0m] Started Accounts Service.
[[0;32m  OK  [0m] Started Dispatcher daemon for systemd-networkd.
[[0;32m  OK  [0m] Started Snappy daemon.
         Starting Wait until snapd is fully seeded...
[[0;32m  OK  [0m] Started Pollinate to seed the pseudo random number generator.
         Starting OpenBSD Secure Shell server...
[[0;32m  OK  [0m] Started OpenBSD Secure Shell server.
[[0;32m  OK  [0m] Created slice User Slice of vagrant.
         Starting User Manager for UID 1000...
[[0;32m  OK  [0m] Started Session 1 of user vagrant.
[[0;32m  OK  [0m] Started User Manager for UID 1000.
[[0;32m  OK  [0m] Started Wait until snapd is fully seeded.
         Starting Apply the settings specified in cloud-config...
[[0;32m  OK  [0m] Reached target Multi-User System.
[[0;32m  OK  [0m] Reached target Graphical Interface.
         Starting Update UTMP about System Runlevel Changes...
[[0;32m  OK  [0m] Started Update UTMP about System Runlevel Changes.
[   16.993410] cloud-init[1593]: Cloud-init v. 19.4-33-gbb4131a2-0ubuntu1~18.04.1 running 'modules:config' at Thu, 06 Feb 2020 17:26:02 +0000. Up 16.50 seconds.
         Stopping User Manager for UID 1000...
[[0;32m  OK  [0m] Stopped User Manager for UID 1000.
[[0;32m  OK  [0m] Removed slice User Slice of vagrant.
[[0;32m  OK  [0m] Started Apply the settings specified in cloud-config.
         Starting Execute cloud user/final scripts...
[[0;32m  OK  [0m] Created slice User Slice of vagrant.
         Starting User Manager for UID 1000...
[[0;32m  OK  [0m] Started Session 3 of user vagrant.
[[0;32m  OK  [0m] Started User Manager for UID 1000.
ci-info: no authorized SSH keys fingerprints found for user ubuntu.
<14>Feb  6 17:26:03 ec2: 
<14>Feb  6 17:26:03 ec2: #############################################################
<14>Feb  6 17:26:03 ec2: -----BEGIN SSH HOST KEY FINGERPRINTS-----
<14>Feb  6 17:26:03 ec2: 1024 SHA256:dAHmVU0RgssfhIG6VB6t1T0eY/Zx0/cvpBJekICgguA root@ubuntu-bionic (DSA)
<14>Feb  6 17:26:03 ec2: 256 SHA256:lH5elTC95ys37j5PFlSiosgOO3vedsdFBEcJK71z64Y root@ubuntu-bionic (ECDSA)
<14>Feb  6 17:26:03 ec2: 256 SHA256:gnHSnwFahX2/gENqxgIDiWu/o4Nph+1fc5L0c1Cibxg root@ubuntu-bionic (ED25519)
<14>Feb  6 17:26:03 ec2: 2048 SHA256:46LLzaMn5DaDSgsNg7Ug9oJRIUtH0+iaGVQmPD7HCPA root@ubuntu-bionic (RSA)
<14>Feb  6 17:26:03 ec2: -----END SSH HOST KEY FINGERPRINTS-----
<14>Feb  6 17:26:03 ec2: #############################################################
-----BEGIN SSH HOST KEY KEYS-----
ecdsa-sha2-nistp256 AAAAE2VjZHNhLXNoYTItbmlzdHAyNTYAAAAIbmlzdHAyNTYAAABBBE7BfOgTP5JmyZC0gIUCJw1ptH6v45dcmGo1KHvG0EI3g3JiGHEP5A26twLGb6ciA6CVeNB/1L4lhnL10CyE1Bc= root@ubuntu-bionic
ssh-ed25519 AAAAC3NzaC1lZDI1NTE5AAAAIGmVlGCzEHHPhjAhOCg/xwHxkkEWP72meFCXSjhXcGBR root@ubuntu-bionic
ssh-rsa AAAAB3NzaC1yc2EAAAADAQABAAABAQDKoa1+s2i2R/6SVp4Ah3RK8OAZZxYP5V0FIzV94PrN4k+aZZyqvf1NTSHK6Rq17NLm/GN1X3BjcqTZmiNG/irodgDmgVuEp3UGAtX1u7KOy7jJWeACRNrAxNTFuk5DPnUjEKqfc6NQOGC7ySWc5ih8H1HZIlXocXvYkRGduqB/WwXt4nV4uDgAfsj64wVugHQ5rkbLwtDj/eAvhXywB8ifn+A5JBAoPtv4OK/y/uiQp+6Yd/DK3EYwclyGPCQ1t2SrxJeUdpYgKu+dWD1KDkvPxCX3ATbmLJFUseTGXvEG+BARuJnNnGo7Rd8z/1MVIK6zDWO/e3b//KIQ5X972mfh root@ubuntu-bionic
-----END SSH HOST KEY KEYS-----
[   17.713700] cloud-init[1808]: Cloud-init v. 19.4-33-gbb4131a2-0ubuntu1~18.04.1 running 'modules:final' at Thu, 06 Feb 2020 17:26:03 +0000. Up 17.51 seconds.
[   17.728330] cloud-init[1808]: ci-info: no authorized SSH keys fingerprints found for user ubuntu.
[   17.730426] cloud-init[1808]: Cloud-init v. 19.4-33-gbb4131a2-0ubuntu1~18.04.1 finished at Thu, 06 Feb 2020 17:26:03 +0000. Datasource DataSourceNoCloud [seed=/dev/sdb][dsmode=net].  Up 17.70 seconds
[[0;32m  OK  [0m] Started Execute cloud user/final scripts.
[[0;32m  OK  [0m] Reached target Cloud-init target.

Ubuntu 18.04.4 LTS ubuntu-bionic ttyS0

ubuntu-bionic login: 